
   Illuminate\Database\QueryException 

  SQLSTATE[HY000] [2002] php_network_getaddresses: getaddrinfo for laravel_mysql failed: Name does not resolve (Connection: mysql, SQL: select * from `cache` where `key` in (jtg_cache_illuminate:queue:restart))

  at vendor/laravel/framework/src/Illuminate/Database/Connection.php:822
    818▕                     $this->getName(), $query, $this->prepareBindings($bindings), $e
    819▕                 );
    820▕             }
    821▕ 
  ➜ 822▕             throw new QueryException(
    823▕                 $this->getName(), $query, $this->prepareBindings($bindings), $e
    824▕             );
    825▕         }
    826▕     }

      [2m+40 vendor frames [22m

  41  artisan:16
      Illuminate\Foundation\Application::handleCommand(Object(Symfony\Component\Console\Input\ArgvInput))


   Illuminate\Database\QueryException 

  SQLSTATE[HY000] [2002] php_network_getaddresses: getaddrinfo for laravel_mysql failed: Name does not resolve (Connection: mysql, SQL: select * from `cache` where `key` in (jtg_cache_illuminate:queue:restart))

  at vendor/laravel/framework/src/Illuminate/Database/Connection.php:822
    818▕                     $this->getName(), $query, $this->prepareBindings($bindings), $e
    819▕                 );
    820▕             }
    821▕ 
  ➜ 822▕             throw new QueryException(
    823▕                 $this->getName(), $query, $this->prepareBindings($bindings), $e
    824▕             );
    825▕         }
    826▕     }

      [2m+40 vendor frames [22m

  41  artisan:16
      Illuminate\Foundation\Application::handleCommand(Object(Symfony\Component\Console\Input\ArgvInput))


   Illuminate\Database\QueryException 

  SQLSTATE[HY000] [2002] php_network_getaddresses: getaddrinfo for laravel_mysql failed: Name does not resolve (Connection: mysql, SQL: select * from `cache` where `key` in (jtg_cache_illuminate:queue:restart))

  at vendor/laravel/framework/src/Illuminate/Database/Connection.php:822
    818▕                     $this->getName(), $query, $this->prepareBindings($bindings), $e
    819▕                 );
    820▕             }
    821▕ 
  ➜ 822▕             throw new QueryException(
    823▕                 $this->getName(), $query, $this->prepareBindings($bindings), $e
    824▕             );
    825▕         }
    826▕     }

      [2m+40 vendor frames [22m

  41  artisan:16
      Illuminate\Foundation\Application::handleCommand(Object(Symfony\Component\Console\Input\ArgvInput))


   Illuminate\Database\QueryException 

  SQLSTATE[HY000] [2002] php_network_getaddresses: getaddrinfo for laravel_mysql failed: Name does not resolve (Connection: mysql, SQL: select * from `cache` where `key` in (jtg_cache_illuminate:queue:restart))

  at vendor/laravel/framework/src/Illuminate/Database/Connection.php:822
    818▕                     $this->getName(), $query, $this->prepareBindings($bindings), $e
    819▕                 );
    820▕             }
    821▕ 
  ➜ 822▕             throw new QueryException(
    823▕                 $this->getName(), $query, $this->prepareBindings($bindings), $e
    824▕             );
    825▕         }
    826▕     }

      [2m+40 vendor frames [22m

  41  artisan:16
      Illuminate\Foundation\Application::handleCommand(Object(Symfony\Component\Console\Input\ArgvInput))


   Illuminate\Database\QueryException 

  SQLSTATE[HY000] [2002] php_network_getaddresses: getaddrinfo for laravel_mysql failed: Name does not resolve (Connection: mysql, SQL: select * from `cache` where `key` in (jtg_cache_illuminate:queue:restart))

  at vendor/laravel/framework/src/Illuminate/Database/Connection.php:822
    818▕                     $this->getName(), $query, $this->prepareBindings($bindings), $e
    819▕                 );
    820▕             }
    821▕ 
  ➜ 822▕             throw new QueryException(
    823▕                 $this->getName(), $query, $this->prepareBindings($bindings), $e
    824▕             );
    825▕         }
    826▕     }

      [2m+40 vendor frames [22m

  41  artisan:16
      Illuminate\Foundation\Application::handleCommand(Object(Symfony\Component\Console\Input\ArgvInput))


   Illuminate\Database\QueryException 

  SQLSTATE[HY000] [2002] php_network_getaddresses: getaddrinfo for laravel_mysql failed: Name does not resolve (Connection: mysql, SQL: select * from `cache` where `key` in (jtg_cache_illuminate:queue:restart))

  at vendor/laravel/framework/src/Illuminate/Database/Connection.php:822
    818▕                     $this->getName(), $query, $this->prepareBindings($bindings), $e
    819▕                 );
    820▕             }
    821▕ 
  ➜ 822▕             throw new QueryException(
    823▕                 $this->getName(), $query, $this->prepareBindings($bindings), $e
    824▕             );
    825▕         }
    826▕     }

      [2m+40 vendor frames [22m

  41  artisan:16
      Illuminate\Foundation\Application::handleCommand(Object(Symfony\Component\Console\Input\ArgvInput))


   Illuminate\Database\QueryException 

  SQLSTATE[HY000] [2002] php_network_getaddresses: getaddrinfo for laravel_mysql failed: Name does not resolve (Connection: mysql, SQL: select * from `cache` where `key` in (jtg_cache_illuminate:queue:restart))

  at vendor/laravel/framework/src/Illuminate/Database/Connection.php:822
    818▕                     $this->getName(), $query, $this->prepareBindings($bindings), $e
    819▕                 );
    820▕             }
    821▕ 
  ➜ 822▕             throw new QueryException(
    823▕                 $this->getName(), $query, $this->prepareBindings($bindings), $e
    824▕             );
    825▕         }
    826▕     }

      [2m+40 vendor frames [22m

  41  artisan:16
      Illuminate\Foundation\Application::handleCommand(Object(Symfony\Component\Console\Input\ArgvInput))


   Illuminate\Database\QueryException 

  SQLSTATE[HY000] [2002] php_network_getaddresses: getaddrinfo for laravel_mysql failed: Name does not resolve (Connection: mysql, SQL: select * from `cache` where `key` in (jtg_cache_illuminate:queue:restart))

  at vendor/laravel/framework/src/Illuminate/Database/Connection.php:822
    818▕                     $this->getName(), $query, $this->prepareBindings($bindings), $e
    819▕                 );
    820▕             }
    821▕ 
  ➜ 822▕             throw new QueryException(
    823▕                 $this->getName(), $query, $this->prepareBindings($bindings), $e
    824▕             );
    825▕         }
    826▕     }

      [2m+40 vendor frames [22m

  41  artisan:16
      Illuminate\Foundation\Application::handleCommand(Object(Symfony\Component\Console\Input\ArgvInput))


   Illuminate\Database\QueryException 

  SQLSTATE[HY000] [2002] php_network_getaddresses: getaddrinfo for laravel_mysql failed: Name does not resolve (Connection: mysql, SQL: select * from `cache` where `key` in (jtg_cache_illuminate:queue:restart))

  at vendor/laravel/framework/src/Illuminate/Database/Connection.php:822
    818▕                     $this->getName(), $query, $this->prepareBindings($bindings), $e
    819▕                 );
    820▕             }
    821▕ 
  ➜ 822▕             throw new QueryException(
    823▕                 $this->getName(), $query, $this->prepareBindings($bindings), $e
    824▕             );
    825▕         }
    826▕     }

      [2m+40 vendor frames [22m

  41  artisan:16
      Illuminate\Foundation\Application::handleCommand(Object(Symfony\Component\Console\Input\ArgvInput))


   Illuminate\Database\QueryException 

  SQLSTATE[HY000] [2002] php_network_getaddresses: getaddrinfo for laravel_mysql failed: Name does not resolve (Connection: mysql, SQL: select * from `cache` where `key` in (jtg_cache_illuminate:queue:restart))

  at vendor/laravel/framework/src/Illuminate/Database/Connection.php:822
    818▕                     $this->getName(), $query, $this->prepareBindings($bindings), $e
    819▕                 );
    820▕             }
    821▕ 
  ➜ 822▕             throw new QueryException(
    823▕                 $this->getName(), $query, $this->prepareBindings($bindings), $e
    824▕             );
    825▕         }
    826▕     }

      [2m+40 vendor frames [22m

  41  artisan:16
      Illuminate\Foundation\Application::handleCommand(Object(Symfony\Component\Console\Input\ArgvInput))


   Illuminate\Database\QueryException 

  SQLSTATE[HY000] [2002] php_network_getaddresses: getaddrinfo for laravel_mysql failed: Name does not resolve (Connection: mysql, SQL: select * from `cache` where `key` in (jtg_cache_illuminate:queue:restart))

  at vendor/laravel/framework/src/Illuminate/Database/Connection.php:822

   Illuminate\Database\QueryException 

  SQLSTATE[HY000] [2002] php_network_getaddresses: getaddrinfo for laravel_mysql failed: Name does not resolve (Connection: mysql, SQL: select * from `cache` where `key` in (jtg_cache_illuminate:queue:restart))
    818▕                     $this->getName(), $query, $this->prepareBindings($bindings), $e
    819▕                 );
    820▕             }
    821▕ 
  ➜ 822▕             throw new QueryException(
    823▕                 $this->getName(), $query, $this->prepareBindings($bindings), $e
    824▕             );
    825▕         }
    826▕     }


  at vendor/laravel/framework/src/Illuminate/Database/Connection.php:822
      [2m+40 vendor frames [22m

  41  artisan:16
      Illuminate\Foundation\Application::handleCommand(Object(Symfony\Component\Console\Input\ArgvInput))

    818▕                     $this->getName(), $query, $this->prepareBindings($bindings), $e
    819▕                 );
    820▕             }
    821▕ 
  ➜ 822▕             throw new QueryException(
    823▕                 $this->getName(), $query, $this->prepareBindings($bindings), $e
    824▕             );
    825▕         }
    826▕     }

      [2m+40 vendor frames [22m

  41  artisan:16
      Illuminate\Foundation\Application::handleCommand(Object(Symfony\Component\Console\Input\ArgvInput))


   Illuminate\Database\QueryException 

  SQLSTATE[HY000] [2002] php_network_getaddresses: getaddrinfo for laravel_mysql failed: Name does not resolve (Connection: mysql, SQL: select * from `cache` where `key` in (jtg_cache_illuminate:queue:restart))

  at vendor/laravel/framework/src/Illuminate/Database/Connection.php:822
    818▕                     $this->getName(), $query, $this->prepareBindings($bindings), $e
    819▕                 );
    820▕             }
    821▕ 
  ➜ 822▕             throw new QueryException(
    823▕                 $this->getName(), $query, $this->prepareBindings($bindings), $e
    824▕             );
    825▕         }
    826▕     }

      [2m+40 vendor frames [22m

  41  artisan:16
      Illuminate\Foundation\Application::handleCommand(Object(Symfony\Component\Console\Input\ArgvInput))


   Illuminate\Database\QueryException 

  SQLSTATE[HY000] [2002] php_network_getaddresses: getaddrinfo for laravel_mysql failed: Name does not resolve (Connection: mysql, SQL: select * from `cache` where `key` in (jtg_cache_illuminate:queue:restart))

  at vendor/laravel/framework/src/Illuminate/Database/Connection.php:822
    818▕                     $this->getName(), $query, $this->prepareBindings($bindings), $e
    819▕                 );
    820▕             }
    821▕ 
  ➜ 822▕             throw new QueryException(
    823▕                 $this->getName(), $query, $this->prepareBindings($bindings), $e
    824▕             );
    825▕         }
    826▕     }

      [2m+40 vendor frames [22m

  41  artisan:16
      Illuminate\Foundation\Application::handleCommand(Object(Symfony\Component\Console\Input\ArgvInput))


   Illuminate\Database\QueryException 

  SQLSTATE[HY000] [2002] php_network_getaddresses: getaddrinfo for laravel_mysql failed: Name does not resolve (Connection: mysql, SQL: select * from `cache` where `key` in (jtg_cache_illuminate:queue:restart))

  at vendor/laravel/framework/src/Illuminate/Database/Connection.php:822

   Illuminate\Database\QueryException 

  SQLSTATE[HY000] [2002] php_network_getaddresses: getaddrinfo for laravel_mysql failed: Name does not resolve (Connection: mysql, SQL: select * from `cache` where `key` in (jtg_cache_illuminate:queue:restart))

  at vendor/laravel/framework/src/Illuminate/Database/Connection.php:822
    818▕                     $this->getName(), $query, $this->prepareBindings($bindings), $e
    819▕                 );
    820▕             }
    821▕ 
  ➜ 822▕             throw new QueryException(
    823▕                 $this->getName(), $query, $this->prepareBindings($bindings), $e
    824▕             );
    825▕         }
    826▕     }

      [2m+40 vendor frames [22m

  41  artisan:16
      Illuminate\Foundation\Application::handleCommand(Object(Symfony\Component\Console\Input\ArgvInput))

    818▕                     $this->getName(), $query, $this->prepareBindings($bindings), $e
    819▕                 );
    820▕             }
    821▕ 
  ➜ 822▕             throw new QueryException(
    823▕                 $this->getName(), $query, $this->prepareBindings($bindings), $e
    824▕             );
    825▕         }
    826▕     }

      [2m+40 vendor frames [22m

  41  artisan:16
      Illuminate\Foundation\Application::handleCommand(Object(Symfony\Component\Console\Input\ArgvInput))

  2025-08-05 11:35:21 App\Jobs\PurchaseProcess .......................  2025-08-05 11:35:21 App\Jobs\PurchaseProcess RUNNING
 ....................... RUNNING
  2025-08-05 11:35:26 App\Jobs\PurchaseProcess  2025-08-05 11:35:26 App\Jobs\PurchaseProcess ....................... ....................... 5s DONE
 5s DONE


   Illuminate\Database\QueryException 

  SQLSTATE[HY000] [2002] Connection refused (Connection: mysql, SQL: select * from `cache` where `key` in (jtg_cache_illuminate:queue:restart))
   Illuminate\Database\QueryException 

  SQLSTATE[HY000] [2002] Connection refused (Connection: mysql, SQL: select * from `cache` where `key` in (jtg_cache_illuminate:queue:restart))

  at vendor/laravel/framework/src/Illuminate/Database/Connection.php:822

  at vendor/laravel/framework/src/Illuminate/Database/Connection.php:822
    818▕                     $this->getName(), $query, $this->prepareBindings($bindings), $e
    819▕                 );
    820▕             }
    821▕ 
  ➜ 822▕             throw new QueryException(
    823▕                 $this->getName(), $query, $this->prepareBindings($bindings), $e
    824▕             );
    825▕         }
    826▕     }

      [2m+42 vendor frames [22m

  43  artisan:16
      Illuminate\Foundation\Application::handleCommand(Object(Symfony\Component\Console\Input\ArgvInput))

    818▕                     $this->getName(), $query, $this->prepareBindings($bindings), $e
    819▕                 );
    820▕             }
    821▕ 
  ➜ 822▕             throw new QueryException(
    823▕                 $this->getName(), $query, $this->prepareBindings($bindings), $e
    824▕             );
    825▕         }
    826▕     }

      [2m+42 vendor frames [22m

  43  artisan:16
      Illuminate\Foundation\Application::handleCommand(Object(Symfony\Component\Console\Input\ArgvInput))


   Illuminate\Database\QueryException 

  SQLSTATE[HY000] [2002] Connection refused (Connection: mysql, SQL: select * from `cache` where `key` in (jtg_cache_illuminate:queue:restart))

  at vendor/laravel/framework/src/Illuminate/Database/Connection.php:822
    818▕                     $this->getName(), $query, $this->prepareBindings($bindings), $e
    819▕                 );
    820▕             }
    821▕ 
  ➜ 822▕             throw new QueryException(
    823▕                 $this->getName(), $query, $this->prepareBindings($bindings), $e
    824▕             );
    825▕         }
    826▕     }

      [2m+40 vendor frames [22m

  41  artisan:16
      Illuminate\Foundation\Application::handleCommand(Object(Symfony\Component\Console\Input\ArgvInput))


   Illuminate\Database\QueryException 

  SQLSTATE[HY000] [2002] Connection refused (Connection: mysql, SQL: select * from `cache` where `key` in (jtg_cache_illuminate:queue:restart))

  at vendor/laravel/framework/src/Illuminate/Database/Connection.php:822
    818▕                     $this->getName(), $query, $this->prepareBindings($bindings), $e
    819▕                 );
    820▕             }
    821▕ 
  ➜ 822▕             throw new QueryException(
    823▕                 $this->getName(), $query, $this->prepareBindings($bindings), $e
    824▕             );
    825▕         }
    826▕     }

      [2m+40 vendor frames [22m

  41  artisan:16
      Illuminate\Foundation\Application::handleCommand(Object(Symfony\Component\Console\Input\ArgvInput))


   Illuminate\Database\QueryException 

  SQLSTATE[HY000] [2002] Connection refused (Connection: mysql, SQL: select * from `cache` where `key` in (jtg_cache_illuminate:queue:restart))

  at vendor/laravel/framework/src/Illuminate/Database/Connection.php:822
    818▕                     $this->getName(), $query, $this->prepareBindings($bindings), $e
    819▕                 );
    820▕             }
    821▕ 
  ➜ 822▕             throw new QueryException(
    823▕                 $this->getName(), $query, $this->prepareBindings($bindings), $e
    824▕             );
    825▕         }
    826▕     }

      [2m+40 vendor frames [22m

  41  artisan:16
      Illuminate\Foundation\Application::handleCommand(Object(Symfony\Component\Console\Input\ArgvInput))


   Illuminate\Database\QueryException 

  SQLSTATE[HY000] [2002] php_network_getaddresses: getaddrinfo for laravel_mysql_dev failed: Name does not resolve (Connection: mysql, SQL: select * from `cache` where `key` in (jtg_cache_illuminate:queue:restart))

  at vendor/laravel/framework/src/Illuminate/Database/Connection.php:822
    818▕                     $this->getName(), $query, $this->prepareBindings($bindings), $e
    819▕                 );
    820▕             }
    821▕ 
  ➜ 822▕             throw new QueryException(
    823▕                 $this->getName(), $query, $this->prepareBindings($bindings), $e
    824▕             );
    825▕         }
    826▕     }

      [2m+40 vendor frames [22m

  41  artisan:16
      Illuminate\Foundation\Application::handleCommand(Object(Symfony\Component\Console\Input\ArgvInput))


   Illuminate\Database\QueryException 

  SQLSTATE[HY000] [2002] php_network_getaddresses: getaddrinfo for laravel_mysql_dev failed: Name does not resolve (Connection: mysql, SQL: select * from `cache` where `key` in (jtg_cache_illuminate:queue:restart))

  at vendor/laravel/framework/src/Illuminate/Database/Connection.php:822
    818▕                     $this->getName(), $query, $this->prepareBindings($bindings), $e
    819▕                 );
    820▕             }
    821▕ 
  ➜ 822▕             throw new QueryException(
    823▕                 $this->getName(), $query, $this->prepareBindings($bindings), $e
    824▕             );
    825▕         }
    826▕     }

      [2m+40 vendor frames [22m

  41  artisan:16
      Illuminate\Foundation\Application::handleCommand(Object(Symfony\Component\Console\Input\ArgvInput))

  2025-08-05 13:39:24 App\Jobs\PurchaseProcess ....................... RUNNING
  2025-08-05 13:39:29 App\Jobs\PurchaseProcess ....................... 5s DONE
  2025-08-08 01:15:33 App\Jobs\PurchaseProcess ....................... RUNNING
  2025-08-08 01:15:38 App\Jobs\PurchaseProcess ....................... 5s DONE
